<?xml version="1.0" encoding="UTF-8"?>
<!-- Generated by org.testng.reporters.JUnitReportReporter -->
<testsuite hostname="LT096082" name="com.testautomation.TestRunner.TestRunner" tests="1" failures="0" timestamp="20 Oct 2021 17:07:26 GMT" time="104.901" errors="0">
  <testcase name="feature" time="104.901" classname="com.testautomation.TestRunner.TestRunner"/>
</testsuite> <!-- com.testautomation.TestRunner.TestRunner -->
